<testsuites id="" name="" tests="73" failures="0" skipped="0" errors="0" time="49.509826000000004">
<testsuite name="auth.teardown.ts" timestamp="2025-06-12T02:29:35.028Z" hostname="cleanup" tests="1" failures="0" skipped="0" time="0.004" errors="0">
<testcase name="cleanup auth states" classname="auth.teardown.ts" time="0.004">
<system-out>
<![CDATA[✅ Removed user auth file
✅ Removed admin auth file
✅ Removed empty auth directory
]]>
</system-out>
</testcase>
</testsuite>
<testsuite name="auth.setup.ts" timestamp="2025-06-12T02:29:35.028Z" hostname="setup" tests="2" failures="0" skipped="0" time="1.754" errors="0">
<testcase name="authenticate as regular user" classname="auth.setup.ts" time="0.877">
</testcase>
<testcase name="authenticate as admin user" classname="auth.setup.ts" time="0.877">
</testcase>
</testsuite>
<testsuite name="auth.test.ts" timestamp="2025-06-12T02:29:35.028Z" hostname="chromium" tests="5" failures="0" skipped="0" time="8.768" errors="0">
<testcase name="Authentication Flow › should load the application homepage" classname="auth.test.ts" time="1.56">
</testcase>
<testcase name="Authentication Flow › should be able to navigate to different routes" classname="auth.test.ts" time="2.513">
</testcase>
<testcase name="Authentication Flow › should handle 404 pages gracefully" classname="auth.test.ts" time="1.494">
</testcase>
<testcase name="Authentication Flow › should respond to basic interactions" classname="auth.test.ts" time="1.625">
</testcase>
<testcase name="Authentication Flow › should load login page" classname="auth.test.ts" time="1.576">
</testcase>
</testsuite>
<testsuite name="inventory.test.ts" timestamp="2025-06-12T02:29:35.028Z" hostname="chromium" tests="5" failures="0" skipped="0" time="9.827" errors="0">
<testcase name="Inventory Management › should redirect to login when accessing protected routes" classname="inventory.test.ts" time="1.513">
</testcase>
<testcase name="Inventory Management › should handle inventory route navigation" classname="inventory.test.ts" time="3.054">
</testcase>
<testcase name="Inventory Management › should handle product management routes" classname="inventory.test.ts" time="3.075">
</testcase>
<testcase name="Inventory Management › should handle dashboard route" classname="inventory.test.ts" time="1.095">
</testcase>
<testcase name="Inventory Management › should maintain basic page functionality" classname="inventory.test.ts" time="1.09">
</testcase>
</testsuite>
<testsuite name="auth.test.ts" timestamp="2025-06-12T02:29:35.028Z" hostname="firefox" tests="5" failures="0" skipped="0" time="13.255" errors="0">
<testcase name="Authentication Flow › should load the application homepage" classname="auth.test.ts" time="1.71">
</testcase>
<testcase name="Authentication Flow › should be able to navigate to different routes" classname="auth.test.ts" time="3.537">
</testcase>
<testcase name="Authentication Flow › should handle 404 pages gracefully" classname="auth.test.ts" time="2.765">
</testcase>
<testcase name="Authentication Flow › should respond to basic interactions" classname="auth.test.ts" time="2.906">
</testcase>
<testcase name="Authentication Flow › should load login page" classname="auth.test.ts" time="2.337">
</testcase>
</testsuite>
<testsuite name="inventory.test.ts" timestamp="2025-06-12T02:29:35.028Z" hostname="firefox" tests="5" failures="0" skipped="0" time="14.145" errors="0">
<testcase name="Inventory Management › should redirect to login when accessing protected routes" classname="inventory.test.ts" time="2.164">
</testcase>
<testcase name="Inventory Management › should handle inventory route navigation" classname="inventory.test.ts" time="4.794">
</testcase>
<testcase name="Inventory Management › should handle product management routes" classname="inventory.test.ts" time="4.507">
</testcase>
<testcase name="Inventory Management › should handle dashboard route" classname="inventory.test.ts" time="1.146">
</testcase>
<testcase name="Inventory Management › should maintain basic page functionality" classname="inventory.test.ts" time="1.534">
</testcase>
</testsuite>
<testsuite name="auth.test.ts" timestamp="2025-06-12T02:29:35.028Z" hostname="webkit" tests="5" failures="0" skipped="0" time="9.523" errors="0">
<testcase name="Authentication Flow › should load the application homepage" classname="auth.test.ts" time="1.687">
</testcase>
<testcase name="Authentication Flow › should be able to navigate to different routes" classname="auth.test.ts" time="2.137">
</testcase>
<testcase name="Authentication Flow › should handle 404 pages gracefully" classname="auth.test.ts" time="1.563">
</testcase>
<testcase name="Authentication Flow › should respond to basic interactions" classname="auth.test.ts" time="2.412">
</testcase>
<testcase name="Authentication Flow › should load login page" classname="auth.test.ts" time="1.724">
</testcase>
</testsuite>
<testsuite name="inventory.test.ts" timestamp="2025-06-12T02:29:35.028Z" hostname="webkit" tests="5" failures="0" skipped="0" time="11.231" errors="0">
<testcase name="Inventory Management › should redirect to login when accessing protected routes" classname="inventory.test.ts" time="1.502">
</testcase>
<testcase name="Inventory Management › should handle inventory route navigation" classname="inventory.test.ts" time="3.042">
</testcase>
<testcase name="Inventory Management › should handle product management routes" classname="inventory.test.ts" time="2.871">
</testcase>
<testcase name="Inventory Management › should handle dashboard route" classname="inventory.test.ts" time="1.53">
</testcase>
<testcase name="Inventory Management › should maintain basic page functionality" classname="inventory.test.ts" time="2.286">
</testcase>
</testsuite>
<testsuite name="auth.test.ts" timestamp="2025-06-12T02:29:35.028Z" hostname="Mobile Chrome" tests="5" failures="0" skipped="0" time="7.415" errors="0">
<testcase name="Authentication Flow › should load the application homepage" classname="auth.test.ts" time="0.921">
</testcase>
<testcase name="Authentication Flow › should be able to navigate to different routes" classname="auth.test.ts" time="2.022">
</testcase>
<testcase name="Authentication Flow › should handle 404 pages gracefully" classname="auth.test.ts" time="1.457">
</testcase>
<testcase name="Authentication Flow › should respond to basic interactions" classname="auth.test.ts" time="1.555">
</testcase>
<testcase name="Authentication Flow › should load login page" classname="auth.test.ts" time="1.46">
</testcase>
</testsuite>
<testsuite name="inventory.test.ts" timestamp="2025-06-12T02:29:35.028Z" hostname="Mobile Chrome" tests="5" failures="0" skipped="0" time="7.724" errors="0">
<testcase name="Inventory Management › should redirect to login when accessing protected routes" classname="inventory.test.ts" time="1.074">
</testcase>
<testcase name="Inventory Management › should handle inventory route navigation" classname="inventory.test.ts" time="2.246">
</testcase>
<testcase name="Inventory Management › should handle product management routes" classname="inventory.test.ts" time="2.62">
</testcase>
<testcase name="Inventory Management › should handle dashboard route" classname="inventory.test.ts" time="0.818">
</testcase>
<testcase name="Inventory Management › should maintain basic page functionality" classname="inventory.test.ts" time="0.966">
</testcase>
</testsuite>
<testsuite name="auth.test.ts" timestamp="2025-06-12T02:29:35.028Z" hostname="Mobile Safari" tests="5" failures="0" skipped="0" time="10.266" errors="0">
<testcase name="Authentication Flow › should load the application homepage" classname="auth.test.ts" time="1.474">
</testcase>
<testcase name="Authentication Flow › should be able to navigate to different routes" classname="auth.test.ts" time="2.837">
</testcase>
<testcase name="Authentication Flow › should handle 404 pages gracefully" classname="auth.test.ts" time="1.958">
</testcase>
<testcase name="Authentication Flow › should respond to basic interactions" classname="auth.test.ts" time="2.44">
</testcase>
<testcase name="Authentication Flow › should load login page" classname="auth.test.ts" time="1.557">
</testcase>
</testsuite>
<testsuite name="inventory.test.ts" timestamp="2025-06-12T02:29:35.028Z" hostname="Mobile Safari" tests="5" failures="0" skipped="0" time="15.183" errors="0">
<testcase name="Inventory Management › should redirect to login when accessing protected routes" classname="inventory.test.ts" time="1.338">
</testcase>
<testcase name="Inventory Management › should handle inventory route navigation" classname="inventory.test.ts" time="5.262">
</testcase>
<testcase name="Inventory Management › should handle product management routes" classname="inventory.test.ts" time="5.255">
</testcase>
<testcase name="Inventory Management › should handle dashboard route" classname="inventory.test.ts" time="1.545">
</testcase>
<testcase name="Inventory Management › should maintain basic page functionality" classname="inventory.test.ts" time="1.783">
</testcase>
</testsuite>
<testsuite name="auth.test.ts" timestamp="2025-06-12T02:29:35.028Z" hostname="Microsoft Edge" tests="5" failures="0" skipped="0" time="13.254" errors="0">
<testcase name="Authentication Flow › should load the application homepage" classname="auth.test.ts" time="2.859">
</testcase>
<testcase name="Authentication Flow › should be able to navigate to different routes" classname="auth.test.ts" time="4.318">
</testcase>
<testcase name="Authentication Flow › should handle 404 pages gracefully" classname="auth.test.ts" time="2.558">
</testcase>
<testcase name="Authentication Flow › should respond to basic interactions" classname="auth.test.ts" time="1.83">
</testcase>
<testcase name="Authentication Flow › should load login page" classname="auth.test.ts" time="1.689">
</testcase>
</testsuite>
<testsuite name="inventory.test.ts" timestamp="2025-06-12T02:29:35.028Z" hostname="Microsoft Edge" tests="5" failures="0" skipped="0" time="13.029" errors="0">
<testcase name="Inventory Management › should redirect to login when accessing protected routes" classname="inventory.test.ts" time="2.02">
</testcase>
<testcase name="Inventory Management › should handle inventory route navigation" classname="inventory.test.ts" time="3.781">
</testcase>
<testcase name="Inventory Management › should handle product management routes" classname="inventory.test.ts" time="3.676">
</testcase>
<testcase name="Inventory Management › should handle dashboard route" classname="inventory.test.ts" time="1.467">
</testcase>
<testcase name="Inventory Management › should maintain basic page functionality" classname="inventory.test.ts" time="2.085">
</testcase>
</testsuite>
<testsuite name="auth.test.ts" timestamp="2025-06-12T02:29:35.028Z" hostname="Google Chrome" tests="5" failures="0" skipped="0" time="7.966" errors="0">
<testcase name="Authentication Flow › should load the application homepage" classname="auth.test.ts" time="1.415">
</testcase>
<testcase name="Authentication Flow › should be able to navigate to different routes" classname="auth.test.ts" time="2.956">
</testcase>
<testcase name="Authentication Flow › should handle 404 pages gracefully" classname="auth.test.ts" time="1.59">
</testcase>
<testcase name="Authentication Flow › should respond to basic interactions" classname="auth.test.ts" time="0.827">
</testcase>
<testcase name="Authentication Flow › should load login page" classname="auth.test.ts" time="1.178">
</testcase>
</testsuite>
<testsuite name="inventory.test.ts" timestamp="2025-06-12T02:29:35.028Z" hostname="Google Chrome" tests="5" failures="0" skipped="0" time="5.729" errors="0">
<testcase name="Inventory Management › should redirect to login when accessing protected routes" classname="inventory.test.ts" time="0.826">
</testcase>
<testcase name="Inventory Management › should handle inventory route navigation" classname="inventory.test.ts" time="1.304">
</testcase>
<testcase name="Inventory Management › should handle product management routes" classname="inventory.test.ts" time="2.029">
</testcase>
<testcase name="Inventory Management › should handle dashboard route" classname="inventory.test.ts" time="0.748">
</testcase>
<testcase name="Inventory Management › should maintain basic page functionality" classname="inventory.test.ts" time="0.822">
</testcase>
</testsuite>
</testsuites>